2026-01-08 22:18:38,224 - src.utils.helpers - INFO - Logging configured: level=INFO
2026-01-08 22:18:38,224 - __main__ - INFO - Package Damage Detector initializing...
2026-01-08 22:18:38,224 - __main__ - INFO - Demo mode: True
2026-01-08 22:18:38,224 - __main__ - INFO - Initializing inspection service...
2026-01-08 22:18:38,225 - src.core.inference_engine - INFO - Initializing inference engine on device: cpu
2026-01-08 22:18:38,225 - __main__ - ERROR - Initialization failed: Model weights not found: models/damage_detector.pt
2026-01-08 22:18:38,225 - __main__ - ERROR - Failed to initialize system
2026-01-08 22:18:38,225 - __main__ - INFO - Cleanup complete
2026-01-08 22:18:54,558 - src.utils.helpers - INFO - Logging configured: level=INFO
2026-01-08 22:18:54,559 - __main__ - INFO - Package Damage Detector initializing...
2026-01-08 22:18:54,559 - __main__ - INFO - Demo mode: True
2026-01-08 22:18:54,559 - __main__ - INFO - Initializing inspection service...
2026-01-08 22:18:54,559 - src.core.inference_engine - INFO - Initializing inference engine on device: cpu
2026-01-08 22:18:54,559 - src.core.inference_engine - INFO - Loading PyTorch model from models/damage_detector.pt
2026-01-08 22:19:04,066 - __main__ - ERROR - Initialization failed: No module named 'pandas'
2026-01-08 22:19:04,067 - __main__ - ERROR - Failed to initialize system
2026-01-08 22:19:04,067 - __main__ - INFO - Cleanup complete
2026-01-08 22:23:46,285 - src.utils.helpers - INFO - Logging configured: level=INFO
2026-01-08 22:23:46,285 - __main__ - INFO - Package Damage Detector initializing...
2026-01-08 22:23:46,285 - __main__ - INFO - Demo mode: True
2026-01-08 22:23:46,285 - __main__ - INFO - Initializing inspection service...
2026-01-08 22:23:46,285 - src.core.inference_engine - INFO - Initializing inference engine on device: cpu
2026-01-08 22:23:46,285 - src.core.inference_engine - INFO - Loading PyTorch model from models/damage_detector.pt
2026-01-08 22:24:27,905 - __main__ - ERROR - Initialization failed: 'Detect' object has no attribute 'grid'. Cache may be out of date, try `force_reload=True` or see https://docs.ultralytics.com/yolov5/tutorials/pytorch_hub_model_loading for help.
2026-01-08 22:24:27,906 - __main__ - ERROR - Failed to initialize system
2026-01-08 22:24:27,906 - __main__ - INFO - Cleanup complete
2026-01-08 22:24:56,253 - src.utils.helpers - INFO - Logging configured: level=INFO
2026-01-08 22:24:56,254 - __main__ - INFO - Package Damage Detector initializing...
2026-01-08 22:24:56,254 - __main__ - INFO - Demo mode: True
2026-01-08 22:24:56,254 - __main__ - INFO - Initializing inspection service...
2026-01-08 22:24:56,254 - src.core.inference_engine - INFO - Initializing inference engine on device: cpu
2026-01-08 22:24:56,254 - src.core.inference_engine - INFO - Loading PyTorch model from models/damage_detector.pt
2026-01-08 22:25:25,706 - __main__ - ERROR - Initialization failed: 'Detect' object has no attribute 'grid'. Cache may be out of date, try `force_reload=True` or see https://docs.ultralytics.com/yolov5/tutorials/pytorch_hub_model_loading for help.
2026-01-08 22:25:25,706 - __main__ - ERROR - Failed to initialize system
2026-01-08 22:25:25,706 - __main__ - INFO - Cleanup complete
2026-01-08 22:30:56,120 - src.utils.helpers - INFO - Logging configured: level=INFO
2026-01-08 22:30:56,120 - __main__ - INFO - Package Damage Detector initializing...
2026-01-08 22:30:56,120 - __main__ - INFO - Demo mode: True
2026-01-08 22:30:56,120 - __main__ - INFO - Running in demo mode - no model loading required
2026-01-08 22:30:56,120 - __main__ - INFO - ============================================================
2026-01-08 22:30:56,120 - __main__ - INFO - INSPECTION COMPLETE: INS-20260108-223056
2026-01-08 22:30:56,120 - __main__ - INFO - Package ID: PKG-20260108223056-3790
2026-01-08 22:30:56,120 - __main__ - INFO - Decision: ACCEPT
2026-01-08 22:30:56,120 - __main__ - INFO - Reason: No damage detected
2026-01-08 22:30:56,120 - __main__ - INFO - Detections: 0
2026-01-08 22:30:56,120 - __main__ - INFO - Inference Time: 57.2ms
2026-01-08 22:30:56,120 - __main__ - INFO - ============================================================
2026-01-08 22:30:56,120 - __main__ - INFO - Cleanup complete
2026-01-08 22:31:10,877 - src.utils.helpers - INFO - Logging configured: level=INFO
2026-01-08 22:31:10,877 - __main__ - INFO - Package Damage Detector initializing...
2026-01-08 22:31:10,877 - __main__ - INFO - Demo mode: False
2026-01-08 22:31:10,877 - __main__ - INFO - Initializing Two-Stage Inference Engine...
2026-01-08 22:31:10,877 - src.core.inference_engine - INFO - Initializing Two-Stage Inference Engine...
2026-01-08 22:31:11,676 - src.core.inference_engine - INFO - Loading detector: /Users/rohhithg/Desktop/microsoft/package_damage_detector/models/best.pt
2026-01-08 22:31:11,734 - src.core.inference_engine - INFO - Loading classifier: /Users/rohhithg/Desktop/microsoft/package_damage_detector/models/damaged_classifier_best.pt
2026-01-08 22:31:11,827 - src.core.inference_engine - INFO - Two-stage engine initialized successfully
2026-01-08 22:31:11,827 - __main__ - INFO - Two-Stage Inference Engine initialized successfully
2026-01-08 22:31:11,827 - __main__ - INFO - Inspecting image: evidence/2026/01/08/INS-20260108-154201-1906/original.jpg
2026-01-08 22:31:11,827 - __main__ - INFO - Package ID: PKG-20260108223111-9553
2026-01-08 22:31:12,248 - __main__ - INFO - ============================================================
2026-01-08 22:31:12,248 - __main__ - INFO - INSPECTION COMPLETE: INS-20260108-223112
2026-01-08 22:31:12,248 - __main__ - INFO - Package ID: PKG-20260108223111-9553
2026-01-08 22:31:12,248 - __main__ - INFO - Decision: REJECT
2026-01-08 22:31:12,248 - __main__ - INFO - Reason: 3 confirmed damage(s) detected
2026-01-08 22:31:12,248 - __main__ - INFO - Detections: 3
2026-01-08 22:31:12,248 - __main__ - INFO -   - damaged: 100.0%
2026-01-08 22:31:12,248 - __main__ - INFO -   - damaged: 100.0%
2026-01-08 22:31:12,248 - __main__ - INFO -   - damaged: 100.0%
2026-01-08 22:31:12,248 - __main__ - INFO - Inference Time: 420.6ms
2026-01-08 22:31:12,248 - __main__ - INFO - ============================================================
2026-01-08 22:31:12,248 - __main__ - INFO - Cleanup complete
2026-01-09 07:51:36,382 - src.utils.helpers - INFO - Logging configured: level=INFO
2026-01-09 07:51:36,382 - __main__ - INFO - Package Damage Detector initializing...
2026-01-09 07:51:36,383 - __main__ - INFO - Demo mode: False
2026-01-09 07:51:36,383 - __main__ - INFO - Initializing Two-Stage Inference Engine...
2026-01-09 07:51:36,383 - src.core.inference_engine - INFO - Initializing Two-Stage Inference Engine...
2026-01-09 07:51:38,278 - src.core.inference_engine - INFO - Loading detector: /Users/rohhithg/Desktop/microsoft/package_damage_detector/models/best.pt
2026-01-09 07:51:38,386 - src.core.inference_engine - INFO - Loading classifier: /Users/rohhithg/Desktop/microsoft/package_damage_detector/models/damaged_classifier_best.pt
2026-01-09 07:51:38,459 - src.core.inference_engine - INFO - Two-stage engine initialized successfully
2026-01-09 07:51:38,459 - __main__ - INFO - Two-Stage Inference Engine initialized successfully
2026-01-09 07:51:38,460 - __main__ - INFO - Inspecting image: evidence/2026/01/08/INS-20260108-154201-1906/original.jpg
2026-01-09 07:51:38,460 - __main__ - INFO - Package ID: PKG-20260109075138-1260
2026-01-09 07:51:38,905 - __main__ - INFO - ============================================================
2026-01-09 07:51:38,906 - __main__ - INFO - INSPECTION COMPLETE: INS-20260109-075138
2026-01-09 07:51:38,906 - __main__ - INFO - Package ID: PKG-20260109075138-1260
2026-01-09 07:51:38,906 - __main__ - INFO - Decision: REJECT
2026-01-09 07:51:38,906 - __main__ - INFO - Reason: 3 confirmed damage(s) detected
2026-01-09 07:51:38,906 - __main__ - INFO - Detections: 3
2026-01-09 07:51:38,906 - __main__ - INFO -   - damaged: 100.0%
2026-01-09 07:51:38,906 - __main__ - INFO -   - damaged: 100.0%
2026-01-09 07:51:38,906 - __main__ - INFO -   - damaged: 100.0%
2026-01-09 07:51:38,906 - __main__ - INFO - Inference Time: 445.7ms
2026-01-09 07:51:38,906 - __main__ - INFO - ============================================================
2026-01-09 07:51:38,906 - __main__ - INFO - Cleanup complete
2026-01-09 07:51:49,974 - src.utils.helpers - INFO - Logging configured: level=INFO
2026-01-09 07:51:49,974 - __main__ - INFO - Package Damage Detector initializing...
2026-01-09 07:51:49,974 - __main__ - INFO - Demo mode: True
2026-01-09 07:51:49,974 - __main__ - INFO - Running in demo mode - no model loading required
2026-01-09 07:51:49,974 - __main__ - INFO - ============================================================
2026-01-09 07:51:49,974 - __main__ - INFO - INSPECTION COMPLETE: INS-20260109-075149
2026-01-09 07:51:49,974 - __main__ - INFO - Package ID: PKG-20260109075149-9888
2026-01-09 07:51:49,974 - __main__ - INFO - Decision: ACCEPT
2026-01-09 07:51:49,974 - __main__ - INFO - Reason: Minor damage only - acceptable
2026-01-09 07:51:49,974 - __main__ - INFO - Detections: 1
2026-01-09 07:51:49,974 - __main__ - INFO -   1. tape_seal_damage - 🟡 MINOR (94.4%)
2026-01-09 07:51:49,974 - __main__ - INFO - Inference Time: 78.8ms
2026-01-09 07:51:49,974 - __main__ - INFO - ============================================================
2026-01-09 07:51:49,974 - __main__ - INFO - Cleanup complete
2026-01-09 21:52:43,379 - src.utils.helpers - INFO - Logging configured: level=INFO
2026-01-09 21:52:43,380 - __main__ - INFO - Package Damage Detector initializing...
2026-01-09 21:52:43,380 - __main__ - INFO - Demo mode: True
2026-01-09 21:52:43,380 - __main__ - INFO - Running in demo mode - no model loading required
2026-01-09 21:52:43,380 - __main__ - INFO - ============================================================
2026-01-09 21:52:43,380 - __main__ - INFO - INSPECTION COMPLETE: INS-20260109-215243
2026-01-09 21:52:43,380 - __main__ - INFO - Package ID: PKG-20260109215243-1326
2026-01-09 21:52:43,380 - __main__ - INFO - Decision: REJECT
2026-01-09 21:52:43,380 - __main__ - INFO - Reason: Severe damage detected
2026-01-09 21:52:43,380 - __main__ - INFO - Detections: 2
2026-01-09 21:52:43,380 - __main__ - INFO -   1. tape_seal_damage - 🟡 MINOR (80.6%)
2026-01-09 21:52:43,380 - __main__ - INFO -   2. compression_damage - 🔴 SEVERE (55.6%)
2026-01-09 21:52:43,380 - __main__ - INFO - Inference Time: 62.0ms
2026-01-09 21:52:43,380 - __main__ - INFO - ============================================================
2026-01-09 21:52:43,380 - __main__ - INFO - Cleanup complete
